<?xml version="1.0" encoding="UTF-8"?>
<!-- Generated by org.testng.reporters.JUnitXMLReporter -->
<testsuite hostname="SSG-INDIA-WS21" ignored="9" name="Test" tests="4" failures="0" timestamp="29 Mar 2018 06:38:07 GMT" time="28.797" errors="0">
  <testcase name="kpntravels" time="5.716" classname="com.parallelexecution.Testcase002"/>
  <testcase name="redbus" time="8.003" classname="com.parallelexecution.Testcase001"/>
  <testcase name="sandstar" time="5.868" classname="com.parallelexecution.Testcase003"/>
  <testcase name="kpntravels" time="7.338" classname="com.parallelexecution.Testcase004"/>
  <testcase name="@AfterSuite browserclose" time="0.0" classname="com.parallelexecution.InvokeBrowsers">
    <ignored/>
  </testcase> <!-- @AfterSuite browserclose -->
  <testcase name="@AfterSuite browserclose" time="0.0" classname="com.parallelexecution.InvokeBrowsers">
    <ignored/>
  </testcase> <!-- @AfterSuite browserclose -->
  <testcase name="@AfterSuite browserclose" time="0.0" classname="com.parallelexecution.InvokeBrowsers">
    <ignored/>
  </testcase> <!-- @AfterSuite browserclose -->
  <testcase name="@AfterTest teststep" time="0.0" classname="com.parallelexecution.InvokeBrowsers">
    <ignored/>
  </testcase> <!-- @AfterTest teststep -->
  <testcase name="@AfterTest teststep" time="0.0" classname="com.parallelexecution.InvokeBrowsers">
    <ignored/>
  </testcase> <!-- @AfterTest teststep -->
  <testcase name="@AfterTest teststep" time="0.0" classname="com.parallelexecution.InvokeBrowsers">
    <ignored/>
  </testcase> <!-- @AfterTest teststep -->
  <testcase name="@BeforeTest htmlreportgenerator" time="0.0" classname="com.parallelexecution.InvokeBrowsers">
    <ignored/>
  </testcase> <!-- @BeforeTest htmlreportgenerator -->
  <testcase name="@BeforeTest htmlreportgenerator" time="0.0" classname="com.parallelexecution.InvokeBrowsers">
    <ignored/>
  </testcase> <!-- @BeforeTest htmlreportgenerator -->
  <testcase name="@BeforeTest htmlreportgenerator" time="0.0" classname="com.parallelexecution.InvokeBrowsers">
    <ignored/>
  </testcase> <!-- @BeforeTest htmlreportgenerator -->
</testsuite> <!-- Test -->
